Build started 2014-11-23 4:52:17 PM.
     1>Project "C:\Users\Matthew\Downloads\OBS_Studio\ALL_BUILD.vcxproj" on node 7 (Build target(s)).
     1>C:\Program Files (x86)\MSBuild\14.0\bin\Microsoft.Common.CurrentVersion.targets(1604,5): warning : The referenced project 'D:/obs/build5/ZERO_CHECK.vcxproj' does not exist.
     1>C:\Program Files (x86)\MSBuild\14.0\bin\Microsoft.Common.CurrentVersion.targets(1604,5): warning : The referenced project 'D:/obs/build5/deps/glad/glad.vcxproj' does not exist.
     1>C:\Program Files (x86)\MSBuild\14.0\bin\Microsoft.Common.CurrentVersion.targets(1604,5): warning : The referenced project 'D:/obs/build5/plugins/image-source/image-source.vcxproj' does not exist.
     1>C:\Program Files (x86)\MSBuild\14.0\bin\Microsoft.Common.CurrentVersion.targets(1604,5): warning : The referenced project 'D:/obs/build5/deps/jansson/jansson.vcxproj' does not exist.
     1>C:\Program Files (x86)\MSBuild\14.0\bin\Microsoft.Common.CurrentVersion.targets(1604,5): warning : The referenced project 'D:/obs/build5/libobs/libobs.vcxproj' does not exist.
     1>C:\Program Files (x86)\MSBuild\14.0\bin\Microsoft.Common.CurrentVersion.targets(1604,5): warning : The referenced project 'D:/obs/build5/libobs-d3d11/libobs-d3d11.vcxproj' does not exist.
     1>C:\Program Files (x86)\MSBuild\14.0\bin\Microsoft.Common.CurrentVersion.targets(1604,5): warning : The referenced project 'D:/obs/build5/libobs-opengl/libobs-opengl.vcxproj' does not exist.
     1>C:\Program Files (x86)\MSBuild\14.0\bin\Microsoft.Common.CurrentVersion.targets(1604,5): warning : The referenced project 'D:/obs/build5/obs/obs.vcxproj' does not exist.
     1>C:\Program Files (x86)\MSBuild\14.0\bin\Microsoft.Common.CurrentVersion.targets(1604,5): warning : The referenced project 'D:/obs/build5/plugins/obs-ffmpeg/obs-ffmpeg.vcxproj' does not exist.
     1>C:\Program Files (x86)\MSBuild\14.0\bin\Microsoft.Common.CurrentVersion.targets(1604,5): warning : The referenced project 'D:/obs/build5/plugins/obs-libfdk/obs-libfdk.vcxproj' does not exist.
     1>C:\Program Files (x86)\MSBuild\14.0\bin\Microsoft.Common.CurrentVersion.targets(1604,5): warning : The referenced project 'D:/obs/build5/plugins/obs-outputs/obs-outputs.vcxproj' does not exist.
     1>C:\Program Files (x86)\MSBuild\14.0\bin\Microsoft.Common.CurrentVersion.targets(1604,5): warning : The referenced project 'D:/obs/build5/plugins/obs-x264/obs-x264.vcxproj' does not exist.
     1>C:\Program Files (x86)\MSBuild\14.0\bin\Microsoft.Common.CurrentVersion.targets(1604,5): warning : The referenced project 'D:/obs/build5/plugins/rtmp-services/rtmp-services.vcxproj' does not exist.
     1>C:\Program Files (x86)\MSBuild\14.0\bin\Microsoft.Common.CurrentVersion.targets(1604,5): warning : The referenced project 'D:/obs/build5/test/test-input/test-input.vcxproj' does not exist.
     1>C:\Program Files (x86)\MSBuild\14.0\bin\Microsoft.Common.CurrentVersion.targets(1604,5): warning : The referenced project 'D:/obs/build5/plugins/text-freetype2/text-freetype2.vcxproj' does not exist.
     1>C:\Program Files (x86)\MSBuild\14.0\bin\Microsoft.Common.CurrentVersion.targets(1604,5): warning : The referenced project 'D:/obs/build5/deps/w32-pthreads/w32-pthreads.vcxproj' does not exist.
     1>C:\Program Files (x86)\MSBuild\14.0\bin\Microsoft.Common.CurrentVersion.targets(1604,5): warning : The referenced project 'D:/obs/build5/plugins/win-capture/win-capture.vcxproj' does not exist.
     1>C:\Program Files (x86)\MSBuild\14.0\bin\Microsoft.Common.CurrentVersion.targets(1604,5): warning : The referenced project 'D:/obs/build5/plugins/win-dshow/win-dshow.vcxproj' does not exist.
     1>C:\Program Files (x86)\MSBuild\14.0\bin\Microsoft.Common.CurrentVersion.targets(1604,5): warning : The referenced project 'D:/obs/build5/test/win/win-test.vcxproj' does not exist.
     1>C:\Program Files (x86)\MSBuild\14.0\bin\Microsoft.Common.CurrentVersion.targets(1604,5): warning : The referenced project 'D:/obs/build5/plugins/win-wasapi/win-wasapi.vcxproj' does not exist.
     1>CustomBuild:
         Building Custom Rule D:/obs-studio-0.6.4/CMakeLists.txt
         CMake is re-running because D:\obs\build5\CMakeFiles\generate.stamp dependency file is missing.
     1>CUSTOMBUILD : CMake error : The source directory "D:/obs-studio-0.6.4" does not exist.
         Specify --help for usage, or press the help button on the CMake GUI.
     1>Done Building Project "C:\Users\Matthew\Downloads\OBS_Studio\ALL_BUILD.vcxproj" (Build target(s)) -- FAILED.

Build FAILED.

Time Elapsed 00:00:00.04
